TN:
SF:JS-CS/linked-lists/LinkedList.js
FN:2,(anonymous_0)
FN:7,(anonymous_1)
FN:14,(anonymous_2)
FN:26,(anonymous_3)
FN:33,(anonymous_4)
FNF:5
FNH:5
FNDA:5,(anonymous_0)
FNDA:12,(anonymous_1)
FNDA:4,(anonymous_2)
FNDA:12,(anonymous_3)
FNDA:4,(anonymous_4)
DA:3,5
DA:4,5
DA:9,12
DA:10,12
DA:11,12
DA:15,4
DA:17,2
DA:18,2
DA:19,2
DA:21,2
DA:27,12
DA:28,12
DA:33,1
DA:34,4
DA:35,4
DA:36,10
DA:38,4
LF:17
LH:17
BRDA:15,0,0,2
BRDA:15,0,1,2
BRDA:15,1,0,4
BRDA:15,1,1,3
BRF:4
BRH:4
end_of_record
TN:
SF:leetcode/removeElement.js
FN:14,(anonymous_0)
FNF:1
FNH:1
FNDA:2,(anonymous_0)
DA:14,1
DA:15,2
DA:16,11
DA:17,6
DA:18,6
DA:21,2
DA:24,1
LF:7
LH:7
BRDA:16,0,0,6
BRDA:16,0,1,5
BRF:2
BRH:2
end_of_record
